Started GET "/" for 127.0.0.1 at 2023-01-21 18:24:14 -0300
Processing by Rails::WelcomeController#index as HTML
  Rendering C:/Ruby30-x64/lib/ruby/gems/3.0.0/gems/railties-7.0.4.1/lib/rails/templates/rails/welcome/index.html.erb
  Rendered C:/Ruby30-x64/lib/ruby/gems/3.0.0/gems/railties-7.0.4.1/lib/rails/templates/rails/welcome/index.html.erb (Duration: 6.5ms | Allocations: 956)
Completed 200 OK in 108ms (Views: 22.3ms | ActiveRecord: 0.0ms | Allocations: 8268)


Started GET "/" for ::1 at 2023-01-23 19:46:34 -0300
Processing by Rails::WelcomeController#index as HTML
  Rendering C:/Ruby30-x64/lib/ruby/gems/3.0.0/gems/railties-7.0.4.1/lib/rails/templates/rails/welcome/index.html.erb
  Rendered C:/Ruby30-x64/lib/ruby/gems/3.0.0/gems/railties-7.0.4.1/lib/rails/templates/rails/welcome/index.html.erb (Duration: 2.3ms | Allocations: 830)
Completed 200 OK in 29ms (Views: 8.8ms | ActiveRecord: 0.0ms | Allocations: 6767)


Started GET "/home" for ::1 at 2023-01-23 19:46:38 -0300
  
ActionController::RoutingError (No route matches [GET] "/home"):
  
Started GET "/home/index" for ::1 at 2023-01-23 19:47:01 -0300
Processing by HomeController#index as HTML
  Rendering home/index.html.erb
  Rendered home/index.html.erb (Duration: 0.7ms | Allocations: 146)
Completed 200 OK in 6ms (Views: 2.6ms | ActiveRecord: 0.0ms | Allocations: 1211)


Started GET "/" for ::1 at 2023-01-23 19:49:04 -0300
Processing by HomeController#index as HTML
  Rendering home/index.html.erb
  Rendered home/index.html.erb (Duration: 1.7ms | Allocations: 469)
Completed 200 OK in 21ms (Views: 6.6ms | ActiveRecord: 0.0ms | Allocations: 6412)


Started GET "/" for ::1 at 2023-01-23 19:49:57 -0300
Processing by Rails::WelcomeController#index as HTML
  Rendering C:/Ruby30-x64/lib/ruby/gems/3.0.0/gems/railties-7.0.4.1/lib/rails/templates/rails/welcome/index.html.erb
  Rendered C:/Ruby30-x64/lib/ruby/gems/3.0.0/gems/railties-7.0.4.1/lib/rails/templates/rails/welcome/index.html.erb (Duration: 2.0ms | Allocations: 830)
Completed 200 OK in 22ms (Views: 7.7ms | ActiveRecord: 0.0ms | Allocations: 6767)


Started GET "/" for ::1 at 2023-01-23 19:52:37 -0300
Processing by HomeController#index as HTML
  Rendering home/index.html.erb
  Rendered home/index.html.erb (Duration: 1.8ms | Allocations: 472)
Completed 200 OK in 21ms (Views: 6.6ms | ActiveRecord: 0.0ms | Allocations: 6415)


Started GET "/" for ::1 at 2023-01-24 06:47:58 -0300
Processing by HomeController#index as HTML
  Rendering home/index.html.erb
  Rendered home/index.html.erb (Duration: 4.5ms | Allocations: 604)
Completed 200 OK in 52ms (Views: 18.9ms | ActiveRecord: 0.0ms | Allocations: 7937)


